<persistence xmlns:xsi="http://www.w3.org/2001/XMLSchema-instance"
             version="1.0"
             xmlns="http://java.sun.com/xml/ns/persistence"
             xsi:schemaLocation="http://java.sun.com/xml/ns/persistence
             http://java.sun.com/xml/ns/persistence/persistence_1_0.xsd">
    <persistence-unit name="test">
        <provider>org.hibernate.jpa.HibernatePersistenceProvider</provider>
        <!-- add classes -->
        <class>com.app.model.ShortLink</class>
        <properties>
            <property name="javax.persistence.jdbc.url" value="jdbc:h2:mem:testdb"/>
            <property name="javax.persistence.jdbc.driver" value="org.h2.Driver"/>
            <property name="javax.persistence.jdbc.user" value="postgres"/>
            <property name="javax.persistence.jdbc.password" value="root"/>
            <property name="hibernate.show_sql" value="true"/>
            <property name="hibernate.dialect" value="org.hibernate.dialect.H2Dialect"/>
            <property name="hibernate.hbm2ddl.auto" value="create-drop"/>
            <property name="format_sql" value="true"/>
        </properties>
    </persistence-unit>
</persistence>
